The system is: Linux - 4.15.0-72-generic - x86_64
Compiling the C compiler identification source file "CMakeCCompilerId.c" succeeded.
Compiler: /usr/bin/cc 
Build flags: 
Id flags:  

The output was:
0


Compilation of the C compiler identification source "CMakeCCompilerId.c" produced "a.out"

The C compiler identification is GNU, found in "/home/lijianhua/map_hdmcv/code/build/CMakeFiles/3.15.2/CompilerIdC/a.out"

Determining if the C compiler works passed with the following output:
Change Dir: /home/lijianhua/map_hdmcv/code/build/CMakeFiles/CMakeTmp

Run Build Command(s):/usr/bin/make cmTC_e1acd/fast && /usr/bin/make -f CMakeFiles/cmTC_e1acd.dir/build.make CMakeFiles/cmTC_e1acd.dir/build
make[1]: Entering directory '/home/lijianhua/map_hdmcv/code/build/CMakeFiles/CMakeTmp'
Building C object CMakeFiles/cmTC_e1acd.dir/testCCompiler.c.o
/usr/bin/cc    -o CMakeFiles/cmTC_e1acd.dir/testCCompiler.c.o   -c /home/lijianhua/map_hdmcv/code/build/CMakeFiles/CMakeTmp/testCCompiler.c
Linking C executable cmTC_e1acd
/usr/local/bin/cmake -E cmake_link_script CMakeFiles/cmTC_e1acd.dir/link.txt --verbose=1
/usr/bin/cc      -rdynamic CMakeFiles/cmTC_e1acd.dir/testCCompiler.c.o  -o cmTC_e1acd 
make[1]: Leaving directory '/home/lijianhua/map_hdmcv/code/build/CMakeFiles/CMakeTmp'



Detecting C compiler ABI info compiled with the following output:
Change Dir: /home/lijianhua/map_hdmcv/code/build/CMakeFiles/CMakeTmp

Run Build Command(s):/usr/bin/make cmTC_1a3c4/fast && /usr/bin/make -f CMakeFiles/cmTC_1a3c4.dir/build.make CMakeFiles/cmTC_1a3c4.dir/build
make[1]: Entering directory '/home/lijianhua/map_hdmcv/code/build/CMakeFiles/CMakeTmp'
Building C object CMakeFiles/cmTC_1a3c4.dir/CMakeCCompilerABI.c.o
/usr/bin/cc   -v -o CMakeFiles/cmTC_1a3c4.dir/CMakeCCompilerABI.c.o   -c /usr/local/share/cmake-3.15/Modules/CMakeCCompilerABI.c
Using built-in specs.
COLLECT_GCC=/usr/bin/cc
OFFLOAD_TARGET_NAMES=nvptx-none:hsa
OFFLOAD_TARGET_DEFAULT=1
Target: x86_64-linux-gnu
Configured with: ../src/configure -v --with-pkgversion='Ubuntu 9.2.1-17ubuntu1~16.04' --with-bugurl=file:///usr/share/doc/gcc-9/README.Bugs --enable-languages=c,ada,c++,go,brig,d,fortran,objc,obj-c++,gm2 --prefix=/usr --with-gcc-major-version-only --program-suffix=-9 --program-prefix=x86_64-linux-gnu- --enable-shared --enable-linker-build-id --libexecdir=/usr/lib --without-included-gettext --enable-threads=posix --libdir=/usr/lib --enable-nls --enable-clocale=gnu --enable-libstdcxx-debug --enable-libstdcxx-time=yes --with-default-libstdcxx-abi=new --enable-gnu-unique-object --disable-vtable-verify --enable-plugin --with-system-zlib --with-target-system-zlib=auto --enable-objc-gc=auto --enable-multiarch --disable-werror --with-arch-32=i686 --with-abi=m64 --with-multilib-list=m32,m64,mx32 --enable-multilib --with-tune=generic --enable-offload-targets=nvptx-none,hsa --without-cuda-driver --enable-checking=release --build=x86_64-linux-gnu --host=x86_64-linux-gnu --target=x86_64-linux-gnu
Thread model: posix
gcc version 9.2.1 20191102 (Ubuntu 9.2.1-17ubuntu1~16.04) 
COLLECT_GCC_OPTIONS='-v' '-o' 'CMakeFiles/cmTC_1a3c4.dir/CMakeCCompilerABI.c.o' '-c' '-mtune=generic' '-march=x86-64'
 /usr/lib/gcc/x86_64-linux-gnu/9/cc1 -quiet -v -imultiarch x86_64-linux-gnu /usr/local/share/cmake-3.15/Modules/CMakeCCompilerABI.c -quiet -dumpbase CMakeCCompilerABI.c -mtune=generic -march=x86-64 -auxbase-strip CMakeFiles/cmTC_1a3c4.dir/CMakeCCompilerABI.c.o -version -fasynchronous-unwind-tables -fstack-protector-strong -Wformat -Wformat-security -o /tmp/ccFd5sjN.s
GNU C17 (Ubuntu 9.2.1-17ubuntu1~16.04) version 9.2.1 20191102 (x86_64-linux-gnu)
	compiled by GNU C version 9.2.1 20191102, GMP version 6.1.0, MPFR version 3.1.4, MPC version 1.0.3, isl version isl-0.16.1-GMP

GGC heuristics: --param ggc-min-expand=100 --param ggc-min-heapsize=131072
ignoring nonexistent directory "/usr/local/include/x86_64-linux-gnu"
ignoring nonexistent directory "/usr/lib/gcc/x86_64-linux-gnu/9/../../../../x86_64-linux-gnu/include"
#include "..." search starts here:
#include <...> search starts here:
 /usr/lib/gcc/x86_64-linux-gnu/9/include
 /usr/local/include
 /usr/lib/gcc/x86_64-linux-gnu/9/include-fixed
 /usr/include/x86_64-linux-gnu
 /usr/include
End of search list.
GNU C17 (Ubuntu 9.2.1-17ubuntu1~16.04) version 9.2.1 20191102 (x86_64-linux-gnu)
	compiled by GNU C version 9.2.1 20191102, GMP version 6.1.0, MPFR version 3.1.4, MPC version 1.0.3, isl version isl-0.16.1-GMP

GGC heuristics: --param ggc-min-expand=100 --param ggc-min-heapsize=131072
Compiler executable checksum: e9cb88b7dd91488fd529ce518bc36088
COLLECT_GCC_OPTIONS='-v' '-o' 'CMakeFiles/cmTC_1a3c4.dir/CMakeCCompilerABI.c.o' '-c' '-mtune=generic' '-march=x86-64'
 as -v --64 -o CMakeFiles/cmTC_1a3c4.dir/CMakeCCompilerABI.c.o /tmp/ccFd5sjN.s
GNU assembler version 2.26.1 (x86_64-linux-gnu) using BFD version (GNU Binutils for Ubuntu) 2.26.1
COMPILER_PATH=/usr/lib/gcc/x86_64-linux-gnu/9/:/usr/lib/gcc/x86_64-linux-gnu/9/:/usr/lib/gcc/x86_64-linux-gnu/:/usr/lib/gcc/x86_64-linux-gnu/9/:/usr/lib/gcc/x86_64-linux-gnu/
LIBRARY_PATH=/usr/lib/gcc/x86_64-linux-gnu/9/:/usr/lib/gcc/x86_64-linux-gnu/9/../../../x86_64-linux-gnu/:/usr/lib/gcc/x86_64-linux-gnu/9/../../../../lib/:/lib/x86_64-linux-gnu/:/lib/../lib/:/usr/lib/x86_64-linux-gnu/:/usr/lib/../lib/:/usr/lib/gcc/x86_64-linux-gnu/9/../../../:/lib/:/usr/lib/
COLLECT_GCC_OPTIONS='-v' '-o' 'CMakeFiles/cmTC_1a3c4.dir/CMakeCCompilerABI.c.o' '-c' '-mtune=generic' '-march=x86-64'
Linking C executable cmTC_1a3c4
/usr/local/bin/cmake -E cmake_link_script CMakeFiles/cmTC_1a3c4.dir/link.txt --verbose=1
/usr/bin/cc     -v -rdynamic CMakeFiles/cmTC_1a3c4.dir/CMakeCCompilerABI.c.o  -o cmTC_1a3c4 
Using built-in specs.
COLLECT_GCC=/usr/bin/cc
COLLECT_LTO_WRAPPER=/usr/lib/gcc/x86_64-linux-gnu/9/lto-wrapper
OFFLOAD_TARGET_NAMES=nvptx-none:hsa
OFFLOAD_TARGET_DEFAULT=1
Target: x86_64-linux-gnu
Configured with: ../src/configure -v --with-pkgversion='Ubuntu 9.2.1-17ubuntu1~16.04' --with-bugurl=file:///usr/share/doc/gcc-9/README.Bugs --enable-languages=c,ada,c++,go,brig,d,fortran,objc,obj-c++,gm2 --prefix=/usr --with-gcc-major-version-only --program-suffix=-9 --program-prefix=x86_64-linux-gnu- --enable-shared --enable-linker-build-id --libexecdir=/usr/lib --without-included-gettext --enable-threads=posix --libdir=/usr/lib --enable-nls --enable-clocale=gnu --enable-libstdcxx-debug --enable-libstdcxx-time=yes --with-default-libstdcxx-abi=new --enable-gnu-unique-object --disable-vtable-verify --enable-plugin --with-system-zlib --with-target-system-zlib=auto --enable-objc-gc=auto --enable-multiarch --disable-werror --with-arch-32=i686 --with-abi=m64 --with-multilib-list=m32,m64,mx32 --enable-multilib --with-tune=generic --enable-offload-targets=nvptx-none,hsa --without-cuda-driver --enable-checking=release --build=x86_64-linux-gnu --host=x86_64-linux-gnu --target=x86_64-linux-gnu
Thread model: posix
gcc version 9.2.1 20191102 (Ubuntu 9.2.1-17ubuntu1~16.04) 
COMPILER_PATH=/usr/lib/gcc/x86_64-linux-gnu/9/:/usr/lib/gcc/x86_64-linux-gnu/9/:/usr/lib/gcc/x86_64-linux-gnu/:/usr/lib/gcc/x86_64-linux-gnu/9/:/usr/lib/gcc/x86_64-linux-gnu/
LIBRARY_PATH=/usr/lib/gcc/x86_64-linux-gnu/9/:/usr/lib/gcc/x86_64-linux-gnu/9/../../../x86_64-linux-gnu/:/usr/lib/gcc/x86_64-linux-gnu/9/../../../../lib/:/lib/x86_64-linux-gnu/:/lib/../lib/:/usr/lib/x86_64-linux-gnu/:/usr/lib/../lib/:/usr/lib/gcc/x86_64-linux-gnu/9/../../../:/lib/:/usr/lib/
COLLECT_GCC_OPTIONS='-v' '-rdynamic' '-o' 'cmTC_1a3c4' '-mtune=generic' '-march=x86-64'
 /usr/lib/gcc/x86_64-linux-gnu/9/collect2 -plugin /usr/lib/gcc/x86_64-linux-gnu/9/liblto_plugin.so -plugin-opt=/usr/lib/gcc/x86_64-linux-gnu/9/lto-wrapper -plugin-opt=-fresolution=/tmp/ccamBaQQ.res -plugin-opt=-pass-through=-lgcc -plugin-opt=-pass-through=-lgcc_s -plugin-opt=-pass-through=-lc -plugin-opt=-pass-through=-lgcc -plugin-opt=-pass-through=-lgcc_s --build-id --eh-frame-hdr -m elf_x86_64 --hash-style=gnu --as-needed -export-dynamic -dynamic-linker /lib64/ld-linux-x86-64.so.2 -z relro -o cmTC_1a3c4 /usr/lib/gcc/x86_64-linux-gnu/9/../../../x86_64-linux-gnu/crt1.o /usr/lib/gcc/x86_64-linux-gnu/9/../../../x86_64-linux-gnu/crti.o /usr/lib/gcc/x86_64-linux-gnu/9/crtbegin.o -L/usr/lib/gcc/x86_64-linux-gnu/9 -L/usr/lib/gcc/x86_64-linux-gnu/9/../../../x86_64-linux-gnu -L/usr/lib/gcc/x86_64-linux-gnu/9/../../../../lib -L/lib/x86_64-linux-gnu -L/lib/../lib -L/usr/lib/x86_64-linux-gnu -L/usr/lib/../lib -L/usr/lib/gcc/x86_64-linux-gnu/9/../../.. CMakeFiles/cmTC_1a3c4.dir/CMakeCCompilerABI.c.o -lgcc --as-needed -lgcc_s --no-as-needed -lc -lgcc --as-needed -lgcc_s --no-as-needed /usr/lib/gcc/x86_64-linux-gnu/9/crtend.o /usr/lib/gcc/x86_64-linux-gnu/9/../../../x86_64-linux-gnu/crtn.o
COLLECT_GCC_OPTIONS='-v' '-rdynamic' '-o' 'cmTC_1a3c4' '-mtune=generic' '-march=x86-64'
make[1]: Leaving directory '/home/lijianhua/map_hdmcv/code/build/CMakeFiles/CMakeTmp'



Parsed C implicit include dir info from above output: rv=done
  found start of include info
  found start of implicit include info
    add: [/usr/lib/gcc/x86_64-linux-gnu/9/include]
    add: [/usr/local/include]
    add: [/usr/lib/gcc/x86_64-linux-gnu/9/include-fixed]
    add: [/usr/include/x86_64-linux-gnu]
    add: [/usr/include]
  end of search list found
  collapse include dir [/usr/lib/gcc/x86_64-linux-gnu/9/include] ==> [/usr/lib/gcc/x86_64-linux-gnu/9/include]
  collapse include dir [/usr/local/include] ==> [/usr/local/include]
  collapse include dir [/usr/lib/gcc/x86_64-linux-gnu/9/include-fixed] ==> [/usr/lib/gcc/x86_64-linux-gnu/9/include-fixed]
  collapse include dir [/usr/include/x86_64-linux-gnu] ==> [/usr/include/x86_64-linux-gnu]
  collapse include dir [/usr/include] ==> [/usr/include]
  implicit include dirs: [/usr/lib/gcc/x86_64-linux-gnu/9/include;/usr/local/include;/usr/lib/gcc/x86_64-linux-gnu/9/include-fixed;/usr/include/x86_64-linux-gnu;/usr/include]


Parsed C implicit link information from above output:
  link line regex: [^( *|.*[/\])(ld|CMAKE_LINK_STARTFILE-NOTFOUND|([^/\]+-)?ld|collect2)[^/\]*( |$)]
  ignore line: [Change Dir: /home/lijianhua/map_hdmcv/code/build/CMakeFiles/CMakeTmp]
  ignore line: []
  ignore line: [Run Build Command(s):/usr/bin/make cmTC_1a3c4/fast && /usr/bin/make -f CMakeFiles/cmTC_1a3c4.dir/build.make CMakeFiles/cmTC_1a3c4.dir/build]
  ignore line: [make[1]: Entering directory '/home/lijianhua/map_hdmcv/code/build/CMakeFiles/CMakeTmp']
  ignore line: [Building C object CMakeFiles/cmTC_1a3c4.dir/CMakeCCompilerABI.c.o]
  ignore line: [/usr/bin/cc   -v -o CMakeFiles/cmTC_1a3c4.dir/CMakeCCompilerABI.c.o   -c /usr/local/share/cmake-3.15/Modules/CMakeCCompilerABI.c]
  ignore line: [Using built-in specs.]
  ignore line: [COLLECT_GCC=/usr/bin/cc]
  ignore line: [OFFLOAD_TARGET_NAMES=nvptx-none:hsa]
  ignore line: [OFFLOAD_TARGET_DEFAULT=1]
  ignore line: [Target: x86_64-linux-gnu]
  ignore line: [Configured with: ../src/configure -v --with-pkgversion='Ubuntu 9.2.1-17ubuntu1~16.04' --with-bugurl=file:///usr/share/doc/gcc-9/README.Bugs --enable-languages=c,ada,c++,go,brig,d,fortran,objc,obj-c++,gm2 --prefix=/usr --with-gcc-major-version-only --program-suffix=-9 --program-prefix=x86_64-linux-gnu- --enable-shared --enable-linker-build-id --libexecdir=/usr/lib --without-included-gettext --enable-threads=posix --libdir=/usr/lib --enable-nls --enable-clocale=gnu --enable-libstdcxx-debug --enable-libstdcxx-time=yes --with-default-libstdcxx-abi=new --enable-gnu-unique-object --disable-vtable-verify --enable-plugin --with-system-zlib --with-target-system-zlib=auto --enable-objc-gc=auto --enable-multiarch --disable-werror --with-arch-32=i686 --with-abi=m64 --with-multilib-list=m32,m64,mx32 --enable-multilib --with-tune=generic --enable-offload-targets=nvptx-none,hsa --without-cuda-driver --enable-checking=release --build=x86_64-linux-gnu --host=x86_64-linux-gnu --target=x86_64-linux-gnu]
  ignore line: [Thread model: posix]
  ignore line: [gcc version 9.2.1 20191102 (Ubuntu 9.2.1-17ubuntu1~16.04) ]
  ignore line: [COLLECT_GCC_OPTIONS='-v' '-o' 'CMakeFiles/cmTC_1a3c4.dir/CMakeCCompilerABI.c.o' '-c' '-mtune=generic' '-march=x86-64']
  ignore line: [ /usr/lib/gcc/x86_64-linux-gnu/9/cc1 -quiet -v -imultiarch x86_64-linux-gnu /usr/local/share/cmake-3.15/Modules/CMakeCCompilerABI.c -quiet -dumpbase CMakeCCompilerABI.c -mtune=generic -march=x86-64 -auxbase-strip CMakeFiles/cmTC_1a3c4.dir/CMakeCCompilerABI.c.o -version -fasynchronous-unwind-tables -fstack-protector-strong -Wformat -Wformat-security -o /tmp/ccFd5sjN.s]
  ignore line: [GNU C17 (Ubuntu 9.2.1-17ubuntu1~16.04) version 9.2.1 20191102 (x86_64-linux-gnu)]
  ignore line: [	compiled by GNU C version 9.2.1 20191102, GMP version 6.1.0, MPFR version 3.1.4, MPC version 1.0.3, isl version isl-0.16.1-GMP]
  ignore line: []
  ignore line: [GGC heuristics: --param ggc-min-expand=100 --param ggc-min-heapsize=131072]
  ignore line: [ignoring nonexistent directory "/usr/local/include/x86_64-linux-gnu"]
  ignore line: [ignoring nonexistent directory "/usr/lib/gcc/x86_64-linux-gnu/9/../../../../x86_64-linux-gnu/include"]
  ignore line: [#include "..." search starts here:]
  ignore line: [#include <...> search starts here:]
  ignore line: [ /usr/lib/gcc/x86_64-linux-gnu/9/include]
  ignore line: [ /usr/local/include]
  ignore line: [ /usr/lib/gcc/x86_64-linux-gnu/9/include-fixed]
  ignore line: [ /usr/include/x86_64-linux-gnu]
  ignore line: [ /usr/include]
  ignore line: [End of search list.]
  ignore line: [GNU C17 (Ubuntu 9.2.1-17ubuntu1~16.04) version 9.2.1 20191102 (x86_64-linux-gnu)]
  ignore line: [	compiled by GNU C version 9.2.1 20191102, GMP version 6.1.0, MPFR version 3.1.4, MPC version 1.0.3, isl version isl-0.16.1-GMP]
  ignore line: []
  ignore line: [GGC heuristics: --param ggc-min-expand=100 --param ggc-min-heapsize=131072]
  ignore line: [Compiler executable checksum: e9cb88b7dd91488fd529ce518bc36088]
  ignore line: [COLLECT_GCC_OPTIONS='-v' '-o' 'CMakeFiles/cmTC_1a3c4.dir/CMakeCCompilerABI.c.o' '-c' '-mtune=generic' '-march=x86-64']
  ignore line: [ as -v --64 -o CMakeFiles/cmTC_1a3c4.dir/CMakeCCompilerABI.c.o /tmp/ccFd5sjN.s]
  ignore line: [GNU assembler version 2.26.1 (x86_64-linux-gnu) using BFD version (GNU Binutils for Ubuntu) 2.26.1]
  ignore line: [COMPILER_PATH=/usr/lib/gcc/x86_64-linux-gnu/9/:/usr/lib/gcc/x86_64-linux-gnu/9/:/usr/lib/gcc/x86_64-linux-gnu/:/usr/lib/gcc/x86_64-linux-gnu/9/:/usr/lib/gcc/x86_64-linux-gnu/]
  ignore line: [LIBRARY_PATH=/usr/lib/gcc/x86_64-linux-gnu/9/:/usr/lib/gcc/x86_64-linux-gnu/9/../../../x86_64-linux-gnu/:/usr/lib/gcc/x86_64-linux-gnu/9/../../../../lib/:/lib/x86_64-linux-gnu/:/lib/../lib/:/usr/lib/x86_64-linux-gnu/:/usr/lib/../lib/:/usr/lib/gcc/x86_64-linux-gnu/9/../../../:/lib/:/usr/lib/]
  ignore line: [COLLECT_GCC_OPTIONS='-v' '-o' 'CMakeFiles/cmTC_1a3c4.dir/CMakeCCompilerABI.c.o' '-c' '-mtune=generic' '-march=x86-64']
  ignore line: [Linking C executable cmTC_1a3c4]
  ignore line: [/usr/local/bin/cmake -E cmake_link_script CMakeFiles/cmTC_1a3c4.dir/link.txt --verbose=1]
  ignore line: [/usr/bin/cc     -v -rdynamic CMakeFiles/cmTC_1a3c4.dir/CMakeCCompilerABI.c.o  -o cmTC_1a3c4 ]
  ignore line: [Using built-in specs.]
  ignore line: [COLLECT_GCC=/usr/bin/cc]
  ignore line: [COLLECT_LTO_WRAPPER=/usr/lib/gcc/x86_64-linux-gnu/9/lto-wrapper]
  ignore line: [OFFLOAD_TARGET_NAMES=nvptx-none:hsa]
  ignore line: [OFFLOAD_TARGET_DEFAULT=1]
  ignore line: [Target: x86_64-linux-gnu]
  ignore line: [Configured with: ../src/configure -v --with-pkgversion='Ubuntu 9.2.1-17ubuntu1~16.04' --with-bugurl=file:///usr/share/doc/gcc-9/README.Bugs --enable-languages=c,ada,c++,go,brig,d,fortran,objc,obj-c++,gm2 --prefix=/usr --with-gcc-major-version-only --program-suffix=-9 --program-prefix=x86_64-linux-gnu- --enable-shared --enable-linker-build-id --libexecdir=/usr/lib --without-included-gettext --enable-threads=posix --libdir=/usr/lib --enable-nls --enable-clocale=gnu --enable-libstdcxx-debug --enable-libstdcxx-time=yes --with-default-libstdcxx-abi=new --enable-gnu-unique-object --disable-vtable-verify --enable-plugin --with-system-zlib --with-target-system-zlib=auto --enable-objc-gc=auto --enable-multiarch --disable-werror --with-arch-32=i686 --with-abi=m64 --with-multilib-list=m32,m64,mx32 --enable-multilib --with-tune=generic --enable-offload-targets=nvptx-none,hsa --without-cuda-driver --enable-checking=release --build=x86_64-linux-gnu --host=x86_64-linux-gnu --target=x86_64-linux-gnu]
  ignore line: [Thread model: posix]
  ignore line: [gcc version 9.2.1 20191102 (Ubuntu 9.2.1-17ubuntu1~16.04) ]
  ignore line: [COMPILER_PATH=/usr/lib/gcc/x86_64-linux-gnu/9/:/usr/lib/gcc/x86_64-linux-gnu/9/:/usr/lib/gcc/x86_64-linux-gnu/:/usr/lib/gcc/x86_64-linux-gnu/9/:/usr/lib/gcc/x86_64-linux-gnu/]
  ignore line: [LIBRARY_PATH=/usr/lib/gcc/x86_64-linux-gnu/9/:/usr/lib/gcc/x86_64-linux-gnu/9/../../../x86_64-linux-gnu/:/usr/lib/gcc/x86_64-linux-gnu/9/../../../../lib/:/lib/x86_64-linux-gnu/:/lib/../lib/:/usr/lib/x86_64-linux-gnu/:/usr/lib/../lib/:/usr/lib/gcc/x86_64-linux-gnu/9/../../../:/lib/:/usr/lib/]
  ignore line: [COLLECT_GCC_OPTIONS='-v' '-rdynamic' '-o' 'cmTC_1a3c4' '-mtune=generic' '-march=x86-64']
  link line: [ /usr/lib/gcc/x86_64-linux-gnu/9/collect2 -plugin /usr/lib/gcc/x86_64-linux-gnu/9/liblto_plugin.so -plugin-opt=/usr/lib/gcc/x86_64-linux-gnu/9/lto-wrapper -plugin-opt=-fresolution=/tmp/ccamBaQQ.res -plugin-opt=-pass-through=-lgcc -plugin-opt=-pass-through=-lgcc_s -plugin-opt=-pass-through=-lc -plugin-opt=-pass-through=-lgcc -plugin-opt=-pass-through=-lgcc_s --build-id --eh-frame-hdr -m elf_x86_64 --hash-style=gnu --as-needed -export-dynamic -dynamic-linker /lib64/ld-linux-x86-64.so.2 -z relro -o cmTC_1a3c4 /usr/lib/gcc/x86_64-linux-gnu/9/../../../x86_64-linux-gnu/crt1.o /usr/lib/gcc/x86_64-linux-gnu/9/../../../x86_64-linux-gnu/crti.o /usr/lib/gcc/x86_64-linux-gnu/9/crtbegin.o -L/usr/lib/gcc/x86_64-linux-gnu/9 -L/usr/lib/gcc/x86_64-linux-gnu/9/../../../x86_64-linux-gnu -L/usr/lib/gcc/x86_64-linux-gnu/9/../../../../lib -L/lib/x86_64-linux-gnu -L/lib/../lib -L/usr/lib/x86_64-linux-gnu -L/usr/lib/../lib -L/usr/lib/gcc/x86_64-linux-gnu/9/../../.. CMakeFiles/cmTC_1a3c4.dir/CMakeCCompilerABI.c.o -lgcc --as-needed -lgcc_s --no-as-needed -lc -lgcc --as-needed -lgcc_s --no-as-needed /usr/lib/gcc/x86_64-linux-gnu/9/crtend.o /usr/lib/gcc/x86_64-linux-gnu/9/../../../x86_64-linux-gnu/crtn.o]
    arg [/usr/lib/gcc/x86_64-linux-gnu/9/collect2] ==> ignore
    arg [-plugin] ==> ignore
    arg [/usr/lib/gcc/x86_64-linux-gnu/9/liblto_plugin.so] ==> ignore
    arg [-plugin-opt=/usr/lib/gcc/x86_64-linux-gnu/9/lto-wrapper] ==> ignore
    arg [-plugin-opt=-fresolution=/tmp/ccamBaQQ.res] ==> ignore
    arg [-plugin-opt=-pass-through=-lgcc] ==> ignore
    arg [-plugin-opt=-pass-through=-lgcc_s] ==> ignore
    arg [-plugin-opt=-pass-through=-lc] ==> ignore
    arg [-plugin-opt=-pass-through=-lgcc] ==> ignore
    arg [-plugin-opt=-pass-through=-lgcc_s] ==> ignore
    arg [--build-id] ==> ignore
    arg [--eh-frame-hdr] ==> ignore
    arg [-m] ==> ignore
    arg [elf_x86_64] ==> ignore
    arg [--hash-style=gnu] ==> ignore
    arg [--as-needed] ==> ignore
    arg [-export-dynamic] ==> ignore
    arg [-dynamic-linker] ==> ignore
    arg [/lib64/ld-linux-x86-64.so.2] ==> ignore
    arg [-zrelro] ==> ignore
    arg [-o] ==> ignore
    arg [cmTC_1a3c4] ==> ignore
    arg [/usr/lib/gcc/x86_64-linux-gnu/9/../../../x86_64-linux-gnu/crt1.o] ==> ignore
    arg [/usr/lib/gcc/x86_64-linux-gnu/9/../../../x86_64-linux-gnu/crti.o] ==> ignore
    arg [/usr/lib/gcc/x86_64-linux-gnu/9/crtbegin.o] ==> ignore
    arg [-L/usr/lib/gcc/x86_64-linux-gnu/9] ==> dir [/usr/lib/gcc/x86_64-linux-gnu/9]
    arg [-L/usr/lib/gcc/x86_64-linux-gnu/9/../../../x86_64-linux-gnu] ==> dir [/usr/lib/gcc/x86_64-linux-gnu/9/../../../x86_64-linux-gnu]
    arg [-L/usr/lib/gcc/x86_64-linux-gnu/9/../../../../lib] ==> dir [/usr/lib/gcc/x86_64-linux-gnu/9/../../../../lib]
    arg [-L/lib/x86_64-linux-gnu] ==> dir [/lib/x86_64-linux-gnu]
    arg [-L/lib/../lib] ==> dir [/lib/../lib]
    arg [-L/usr/lib/x86_64-linux-gnu] ==> dir [/usr/lib/x86_64-linux-gnu]
    arg [-L/usr/lib/../lib] ==> dir [/usr/lib/../lib]
    arg [-L/usr/lib/gcc/x86_64-linux-gnu/9/../../..] ==> dir [/usr/lib/gcc/x86_64-linux-gnu/9/../../..]
    arg [CMakeFiles/cmTC_1a3c4.dir/CMakeCCompilerABI.c.o] ==> ignore
    arg [-lgcc] ==> lib [gcc]
    arg [--as-needed] ==> ignore
    arg [-lgcc_s] ==> lib [gcc_s]
    arg [--no-as-needed] ==> ignore
    arg [-lc] ==> lib [c]
    arg [-lgcc] ==> lib [gcc]
    arg [--as-needed] ==> ignore
    arg [-lgcc_s] ==> lib [gcc_s]
    arg [--no-as-needed] ==> ignore
    arg [/usr/lib/gcc/x86_64-linux-gnu/9/crtend.o] ==> ignore
    arg [/usr/lib/gcc/x86_64-linux-gnu/9/../../../x86_64-linux-gnu/crtn.o] ==> ignore
  collapse library dir [/usr/lib/gcc/x86_64-linux-gnu/9] ==> [/usr/lib/gcc/x86_64-linux-gnu/9]
  collapse library dir [/usr/lib/gcc/x86_64-linux-gnu/9/../../../x86_64-linux-gnu] ==> [/usr/lib/x86_64-linux-gnu]
  collapse library dir [/usr/lib/gcc/x86_64-linux-gnu/9/../../../../lib] ==> [/usr/lib]
  collapse library dir [/lib/x86_64-linux-gnu] ==> [/lib/x86_64-linux-gnu]
  collapse library dir [/lib/../lib] ==> [/lib]
  collapse library dir [/usr/lib/x86_64-linux-gnu] ==> [/usr/lib/x86_64-linux-gnu]
  collapse library dir [/usr/lib/../lib] ==> [/usr/lib]
  collapse library dir [/usr/lib/gcc/x86_64-linux-gnu/9/../../..] ==> [/usr/lib]
  implicit libs: [gcc;gcc_s;c;gcc;gcc_s]
  implicit dirs: [/usr/lib/gcc/x86_64-linux-gnu/9;/usr/lib/x86_64-linux-gnu;/usr/lib;/lib/x86_64-linux-gnu;/lib]
  implicit fwks: []


Performing C SOURCE FILE Test FLAG_SUPPORTED_stdgnu11 succeeded with the following output:
Change Dir: /home/lijianhua/map_hdmcv/code/build/CMakeFiles/CMakeTmp

Run Build Command(s):/usr/bin/make cmTC_34dae/fast && /usr/bin/make -f CMakeFiles/cmTC_34dae.dir/build.make CMakeFiles/cmTC_34dae.dir/build
make[1]: Entering directory '/home/lijianhua/map_hdmcv/code/build/CMakeFiles/CMakeTmp'
Building C object CMakeFiles/cmTC_34dae.dir/src.c.o
/usr/bin/cc   -DFLAG_SUPPORTED_stdgnu11   -std=gnu11 -o CMakeFiles/cmTC_34dae.dir/src.c.o   -c /home/lijianhua/map_hdmcv/code/build/CMakeFiles/CMakeTmp/src.c
Linking C executable cmTC_34dae
/usr/local/bin/cmake -E cmake_link_script CMakeFiles/cmTC_34dae.dir/link.txt --verbose=1
/usr/bin/cc  -DFLAG_SUPPORTED_stdgnu11    -rdynamic CMakeFiles/cmTC_34dae.dir/src.c.o  -o cmTC_34dae 
make[1]: Leaving directory '/home/lijianhua/map_hdmcv/code/build/CMakeFiles/CMakeTmp'


Source file was:
int main(void) { return 0; }
Performing C SOURCE FILE Test FLAG_SUPPORTED_Wall succeeded with the following output:
Change Dir: /home/lijianhua/map_hdmcv/code/build/CMakeFiles/CMakeTmp

Run Build Command(s):/usr/bin/make cmTC_84323/fast && /usr/bin/make -f CMakeFiles/cmTC_84323.dir/build.make CMakeFiles/cmTC_84323.dir/build
make[1]: Entering directory '/home/lijianhua/map_hdmcv/code/build/CMakeFiles/CMakeTmp'
Building C object CMakeFiles/cmTC_84323.dir/src.c.o
/usr/bin/cc   -std=gnu11 -DFLAG_SUPPORTED_Wall   -Wall -o CMakeFiles/cmTC_84323.dir/src.c.o   -c /home/lijianhua/map_hdmcv/code/build/CMakeFiles/CMakeTmp/src.c
Linking C executable cmTC_84323
/usr/local/bin/cmake -E cmake_link_script CMakeFiles/cmTC_84323.dir/link.txt --verbose=1
/usr/bin/cc  -std=gnu11 -DFLAG_SUPPORTED_Wall    -rdynamic CMakeFiles/cmTC_84323.dir/src.c.o  -o cmTC_84323 
make[1]: Leaving directory '/home/lijianhua/map_hdmcv/code/build/CMakeFiles/CMakeTmp'


Source file was:
int main(void) { return 0; }
Performing C SOURCE FILE Test FLAG_SUPPORTED_Wextra succeeded with the following output:
Change Dir: /home/lijianhua/map_hdmcv/code/build/CMakeFiles/CMakeTmp

Run Build Command(s):/usr/bin/make cmTC_d3949/fast && /usr/bin/make -f CMakeFiles/cmTC_d3949.dir/build.make CMakeFiles/cmTC_d3949.dir/build
make[1]: Entering directory '/home/lijianhua/map_hdmcv/code/build/CMakeFiles/CMakeTmp'
Building C object CMakeFiles/cmTC_d3949.dir/src.c.o
/usr/bin/cc   -std=gnu11 -Wall -DFLAG_SUPPORTED_Wextra   -Wextra -o CMakeFiles/cmTC_d3949.dir/src.c.o   -c /home/lijianhua/map_hdmcv/code/build/CMakeFiles/CMakeTmp/src.c
Linking C executable cmTC_d3949
/usr/local/bin/cmake -E cmake_link_script CMakeFiles/cmTC_d3949.dir/link.txt --verbose=1
/usr/bin/cc  -std=gnu11 -Wall -DFLAG_SUPPORTED_Wextra    -rdynamic CMakeFiles/cmTC_d3949.dir/src.c.o  -o cmTC_d3949 
make[1]: Leaving directory '/home/lijianhua/map_hdmcv/code/build/CMakeFiles/CMakeTmp'


Source file was:
int main(void) { return 0; }
Performing C SOURCE FILE Test FLAG_SUPPORTED_Wstrictprototypes succeeded with the following output:
Change Dir: /home/lijianhua/map_hdmcv/code/build/CMakeFiles/CMakeTmp

Run Build Command(s):/usr/bin/make cmTC_c996e/fast && /usr/bin/make -f CMakeFiles/cmTC_c996e.dir/build.make CMakeFiles/cmTC_c996e.dir/build
make[1]: Entering directory '/home/lijianhua/map_hdmcv/code/build/CMakeFiles/CMakeTmp'
Building C object CMakeFiles/cmTC_c996e.dir/src.c.o
/usr/bin/cc   -std=gnu11 -Wall -Wextra -DFLAG_SUPPORTED_Wstrictprototypes   -Wstrict-prototypes -o CMakeFiles/cmTC_c996e.dir/src.c.o   -c /home/lijianhua/map_hdmcv/code/build/CMakeFiles/CMakeTmp/src.c
Linking C executable cmTC_c996e
/usr/local/bin/cmake -E cmake_link_script CMakeFiles/cmTC_c996e.dir/link.txt --verbose=1
/usr/bin/cc  -std=gnu11 -Wall -Wextra -DFLAG_SUPPORTED_Wstrictprototypes    -rdynamic CMakeFiles/cmTC_c996e.dir/src.c.o  -o cmTC_c996e 
make[1]: Leaving directory '/home/lijianhua/map_hdmcv/code/build/CMakeFiles/CMakeTmp'


Source file was:
int main(void) { return 0; }
Performing C SOURCE FILE Test FLAG_SUPPORTED_Wwritestrings succeeded with the following output:
Change Dir: /home/lijianhua/map_hdmcv/code/build/CMakeFiles/CMakeTmp

Run Build Command(s):/usr/bin/make cmTC_0b5e9/fast && /usr/bin/make -f CMakeFiles/cmTC_0b5e9.dir/build.make CMakeFiles/cmTC_0b5e9.dir/build
make[1]: Entering directory '/home/lijianhua/map_hdmcv/code/build/CMakeFiles/CMakeTmp'
Building C object CMakeFiles/cmTC_0b5e9.dir/src.c.o
/usr/bin/cc   -std=gnu11 -Wall -Wextra -Wstrict-prototypes -DFLAG_SUPPORTED_Wwritestrings   -Wwrite-strings -o CMakeFiles/cmTC_0b5e9.dir/src.c.o   -c /home/lijianhua/map_hdmcv/code/build/CMakeFiles/CMakeTmp/src.c
Linking C executable cmTC_0b5e9
/usr/local/bin/cmake -E cmake_link_script CMakeFiles/cmTC_0b5e9.dir/link.txt --verbose=1
/usr/bin/cc  -std=gnu11 -Wall -Wextra -Wstrict-prototypes -DFLAG_SUPPORTED_Wwritestrings    -rdynamic CMakeFiles/cmTC_0b5e9.dir/src.c.o  -o cmTC_0b5e9 
make[1]: Leaving directory '/home/lijianhua/map_hdmcv/code/build/CMakeFiles/CMakeTmp'


Source file was:
int main(void) { return 0; }
Performing C SOURCE FILE Test FLAG_SUPPORTED_Wshadow succeeded with the following output:
Change Dir: /home/lijianhua/map_hdmcv/code/build/CMakeFiles/CMakeTmp

Run Build Command(s):/usr/bin/make cmTC_0fd7e/fast && /usr/bin/make -f CMakeFiles/cmTC_0fd7e.dir/build.make CMakeFiles/cmTC_0fd7e.dir/build
make[1]: Entering directory '/home/lijianhua/map_hdmcv/code/build/CMakeFiles/CMakeTmp'
Building C object CMakeFiles/cmTC_0fd7e.dir/src.c.o
/usr/bin/cc   -std=gnu11 -Wall -Wextra -Wstrict-prototypes -Wwrite-strings -DFLAG_SUPPORTED_Wshadow   -Wshadow -o CMakeFiles/cmTC_0fd7e.dir/src.c.o   -c /home/lijianhua/map_hdmcv/code/build/CMakeFiles/CMakeTmp/src.c
Linking C executable cmTC_0fd7e
/usr/local/bin/cmake -E cmake_link_script CMakeFiles/cmTC_0fd7e.dir/link.txt --verbose=1
/usr/bin/cc  -std=gnu11 -Wall -Wextra -Wstrict-prototypes -Wwrite-strings -DFLAG_SUPPORTED_Wshadow    -rdynamic CMakeFiles/cmTC_0fd7e.dir/src.c.o  -o cmTC_0fd7e 
make[1]: Leaving directory '/home/lijianhua/map_hdmcv/code/build/CMakeFiles/CMakeTmp'


Source file was:
int main(void) { return 0; }
Performing C SOURCE FILE Test FLAG_SUPPORTED_Winitself succeeded with the following output:
Change Dir: /home/lijianhua/map_hdmcv/code/build/CMakeFiles/CMakeTmp

Run Build Command(s):/usr/bin/make cmTC_cd37c/fast && /usr/bin/make -f CMakeFiles/cmTC_cd37c.dir/build.make CMakeFiles/cmTC_cd37c.dir/build
make[1]: Entering directory '/home/lijianhua/map_hdmcv/code/build/CMakeFiles/CMakeTmp'
Building C object CMakeFiles/cmTC_cd37c.dir/src.c.o
/usr/bin/cc   -std=gnu11 -Wall -Wextra -Wstrict-prototypes -Wwrite-strings -Wshadow -DFLAG_SUPPORTED_Winitself   -Winit-self -o CMakeFiles/cmTC_cd37c.dir/src.c.o   -c /home/lijianhua/map_hdmcv/code/build/CMakeFiles/CMakeTmp/src.c
Linking C executable cmTC_cd37c
/usr/local/bin/cmake -E cmake_link_script CMakeFiles/cmTC_cd37c.dir/link.txt --verbose=1
/usr/bin/cc  -std=gnu11 -Wall -Wextra -Wstrict-prototypes -Wwrite-strings -Wshadow -DFLAG_SUPPORTED_Winitself    -rdynamic CMakeFiles/cmTC_cd37c.dir/src.c.o  -o cmTC_cd37c 
make[1]: Leaving directory '/home/lijianhua/map_hdmcv/code/build/CMakeFiles/CMakeTmp'


Source file was:
int main(void) { return 0; }
Performing C SOURCE FILE Test FLAG_SUPPORTED_Wcastalign succeeded with the following output:
Change Dir: /home/lijianhua/map_hdmcv/code/build/CMakeFiles/CMakeTmp

Run Build Command(s):/usr/bin/make cmTC_1e668/fast && /usr/bin/make -f CMakeFiles/cmTC_1e668.dir/build.make CMakeFiles/cmTC_1e668.dir/build
make[1]: Entering directory '/home/lijianhua/map_hdmcv/code/build/CMakeFiles/CMakeTmp'
Building C object CMakeFiles/cmTC_1e668.dir/src.c.o
/usr/bin/cc   -std=gnu11 -Wall -Wextra -Wstrict-prototypes -Wwrite-strings -Wshadow -Winit-self -DFLAG_SUPPORTED_Wcastalign   -Wcast-align -o CMakeFiles/cmTC_1e668.dir/src.c.o   -c /home/lijianhua/map_hdmcv/code/build/CMakeFiles/CMakeTmp/src.c
Linking C executable cmTC_1e668
/usr/local/bin/cmake -E cmake_link_script CMakeFiles/cmTC_1e668.dir/link.txt --verbose=1
/usr/bin/cc  -std=gnu11 -Wall -Wextra -Wstrict-prototypes -Wwrite-strings -Wshadow -Winit-self -DFLAG_SUPPORTED_Wcastalign    -rdynamic CMakeFiles/cmTC_1e668.dir/src.c.o  -o cmTC_1e668 
make[1]: Leaving directory '/home/lijianhua/map_hdmcv/code/build/CMakeFiles/CMakeTmp'


Source file was:
int main(void) { return 0; }
Performing C SOURCE FILE Test FLAG_SUPPORTED_Wformat2 succeeded with the following output:
Change Dir: /home/lijianhua/map_hdmcv/code/build/CMakeFiles/CMakeTmp

Run Build Command(s):/usr/bin/make cmTC_72307/fast && /usr/bin/make -f CMakeFiles/cmTC_72307.dir/build.make CMakeFiles/cmTC_72307.dir/build
make[1]: Entering directory '/home/lijianhua/map_hdmcv/code/build/CMakeFiles/CMakeTmp'
Building C object CMakeFiles/cmTC_72307.dir/src.c.o
/usr/bin/cc   -std=gnu11 -Wall -Wextra -Wstrict-prototypes -Wwrite-strings -Wshadow -Winit-self -Wcast-align -DFLAG_SUPPORTED_Wformat2   -Wformat=2 -o CMakeFiles/cmTC_72307.dir/src.c.o   -c /home/lijianhua/map_hdmcv/code/build/CMakeFiles/CMakeTmp/src.c
Linking C executable cmTC_72307
/usr/local/bin/cmake -E cmake_link_script CMakeFiles/cmTC_72307.dir/link.txt --verbose=1
/usr/bin/cc  -std=gnu11 -Wall -Wextra -Wstrict-prototypes -Wwrite-strings -Wshadow -Winit-self -Wcast-align -DFLAG_SUPPORTED_Wformat2    -rdynamic CMakeFiles/cmTC_72307.dir/src.c.o  -o cmTC_72307 
make[1]: Leaving directory '/home/lijianhua/map_hdmcv/code/build/CMakeFiles/CMakeTmp'


Source file was:
int main(void) { return 0; }
Performing C SOURCE FILE Test FLAG_SUPPORTED_Wmissingprototypes succeeded with the following output:
Change Dir: /home/lijianhua/map_hdmcv/code/build/CMakeFiles/CMakeTmp

Run Build Command(s):/usr/bin/make cmTC_e0777/fast && /usr/bin/make -f CMakeFiles/cmTC_e0777.dir/build.make CMakeFiles/cmTC_e0777.dir/build
make[1]: Entering directory '/home/lijianhua/map_hdmcv/code/build/CMakeFiles/CMakeTmp'
Building C object CMakeFiles/cmTC_e0777.dir/src.c.o
/usr/bin/cc   -std=gnu11 -Wall -Wextra -Wstrict-prototypes -Wwrite-strings -Wshadow -Winit-self -Wcast-align -Wformat=2 -DFLAG_SUPPORTED_Wmissingprototypes   -Wmissing-prototypes -o CMakeFiles/cmTC_e0777.dir/src.c.o   -c /home/lijianhua/map_hdmcv/code/build/CMakeFiles/CMakeTmp/src.c
Linking C executable cmTC_e0777
/usr/local/bin/cmake -E cmake_link_script CMakeFiles/cmTC_e0777.dir/link.txt --verbose=1
/usr/bin/cc  -std=gnu11 -Wall -Wextra -Wstrict-prototypes -Wwrite-strings -Wshadow -Winit-self -Wcast-align -Wformat=2 -DFLAG_SUPPORTED_Wmissingprototypes    -rdynamic CMakeFiles/cmTC_e0777.dir/src.c.o  -o cmTC_e0777 
make[1]: Leaving directory '/home/lijianhua/map_hdmcv/code/build/CMakeFiles/CMakeTmp'


Source file was:
int main(void) { return 0; }
Performing C SOURCE FILE Test FLAG_SUPPORTED_Wstrictoverflow2 succeeded with the following output:
Change Dir: /home/lijianhua/map_hdmcv/code/build/CMakeFiles/CMakeTmp

Run Build Command(s):/usr/bin/make cmTC_b7a1e/fast && /usr/bin/make -f CMakeFiles/cmTC_b7a1e.dir/build.make CMakeFiles/cmTC_b7a1e.dir/build
make[1]: Entering directory '/home/lijianhua/map_hdmcv/code/build/CMakeFiles/CMakeTmp'
Building C object CMakeFiles/cmTC_b7a1e.dir/src.c.o
/usr/bin/cc   -std=gnu11 -Wall -Wextra -Wstrict-prototypes -Wwrite-strings -Wshadow -Winit-self -Wcast-align -Wformat=2 -Wmissing-prototypes -DFLAG_SUPPORTED_Wstrictoverflow2   -Wstrict-overflow=2 -o CMakeFiles/cmTC_b7a1e.dir/src.c.o   -c /home/lijianhua/map_hdmcv/code/build/CMakeFiles/CMakeTmp/src.c
Linking C executable cmTC_b7a1e
/usr/local/bin/cmake -E cmake_link_script CMakeFiles/cmTC_b7a1e.dir/link.txt --verbose=1
/usr/bin/cc  -std=gnu11 -Wall -Wextra -Wstrict-prototypes -Wwrite-strings -Wshadow -Winit-self -Wcast-align -Wformat=2 -Wmissing-prototypes -DFLAG_SUPPORTED_Wstrictoverflow2    -rdynamic CMakeFiles/cmTC_b7a1e.dir/src.c.o  -o cmTC_b7a1e 
make[1]: Leaving directory '/home/lijianhua/map_hdmcv/code/build/CMakeFiles/CMakeTmp'


Source file was:
int main(void) { return 0; }
Performing C SOURCE FILE Test FLAG_SUPPORTED_Wcastqual succeeded with the following output:
Change Dir: /home/lijianhua/map_hdmcv/code/build/CMakeFiles/CMakeTmp

Run Build Command(s):/usr/bin/make cmTC_5b74d/fast && /usr/bin/make -f CMakeFiles/cmTC_5b74d.dir/build.make CMakeFiles/cmTC_5b74d.dir/build
make[1]: Entering directory '/home/lijianhua/map_hdmcv/code/build/CMakeFiles/CMakeTmp'
Building C object CMakeFiles/cmTC_5b74d.dir/src.c.o
/usr/bin/cc   -std=gnu11 -Wall -Wextra -Wstrict-prototypes -Wwrite-strings -Wshadow -Winit-self -Wcast-align -Wformat=2 -Wmissing-prototypes -Wstrict-overflow=2 -DFLAG_SUPPORTED_Wcastqual   -Wcast-qual -o CMakeFiles/cmTC_5b74d.dir/src.c.o   -c /home/lijianhua/map_hdmcv/code/build/CMakeFiles/CMakeTmp/src.c
Linking C executable cmTC_5b74d
/usr/local/bin/cmake -E cmake_link_script CMakeFiles/cmTC_5b74d.dir/link.txt --verbose=1
/usr/bin/cc  -std=gnu11 -Wall -Wextra -Wstrict-prototypes -Wwrite-strings -Wshadow -Winit-self -Wcast-align -Wformat=2 -Wmissing-prototypes -Wstrict-overflow=2 -DFLAG_SUPPORTED_Wcastqual    -rdynamic CMakeFiles/cmTC_5b74d.dir/src.c.o  -o cmTC_5b74d 
make[1]: Leaving directory '/home/lijianhua/map_hdmcv/code/build/CMakeFiles/CMakeTmp'


Source file was:
int main(void) { return 0; }
Performing C SOURCE FILE Test FLAG_SUPPORTED_Wundef succeeded with the following output:
Change Dir: /home/lijianhua/map_hdmcv/code/build/CMakeFiles/CMakeTmp

Run Build Command(s):/usr/bin/make cmTC_4fdee/fast && /usr/bin/make -f CMakeFiles/cmTC_4fdee.dir/build.make CMakeFiles/cmTC_4fdee.dir/build
make[1]: Entering directory '/home/lijianhua/map_hdmcv/code/build/CMakeFiles/CMakeTmp'
Building C object CMakeFiles/cmTC_4fdee.dir/src.c.o
/usr/bin/cc   -std=gnu11 -Wall -Wextra -Wstrict-prototypes -Wwrite-strings -Wshadow -Winit-self -Wcast-align -Wformat=2 -Wmissing-prototypes -Wstrict-overflow=2 -Wcast-qual -DFLAG_SUPPORTED_Wundef   -Wundef -o CMakeFiles/cmTC_4fdee.dir/src.c.o   -c /home/lijianhua/map_hdmcv/code/build/CMakeFiles/CMakeTmp/src.c
Linking C executable cmTC_4fdee
/usr/local/bin/cmake -E cmake_link_script CMakeFiles/cmTC_4fdee.dir/link.txt --verbose=1
/usr/bin/cc  -std=gnu11 -Wall -Wextra -Wstrict-prototypes -Wwrite-strings -Wshadow -Winit-self -Wcast-align -Wformat=2 -Wmissing-prototypes -Wstrict-overflow=2 -Wcast-qual -DFLAG_SUPPORTED_Wundef    -rdynamic CMakeFiles/cmTC_4fdee.dir/src.c.o  -o cmTC_4fdee 
make[1]: Leaving directory '/home/lijianhua/map_hdmcv/code/build/CMakeFiles/CMakeTmp'


Source file was:
int main(void) { return 0; }
Performing C SOURCE FILE Test FLAG_SUPPORTED_Wswitchdefault succeeded with the following output:
Change Dir: /home/lijianhua/map_hdmcv/code/build/CMakeFiles/CMakeTmp

Run Build Command(s):/usr/bin/make cmTC_f907b/fast && /usr/bin/make -f CMakeFiles/cmTC_f907b.dir/build.make CMakeFiles/cmTC_f907b.dir/build
make[1]: Entering directory '/home/lijianhua/map_hdmcv/code/build/CMakeFiles/CMakeTmp'
Building C object CMakeFiles/cmTC_f907b.dir/src.c.o
/usr/bin/cc   -std=gnu11 -Wall -Wextra -Wstrict-prototypes -Wwrite-strings -Wshadow -Winit-self -Wcast-align -Wformat=2 -Wmissing-prototypes -Wstrict-overflow=2 -Wcast-qual -Wundef -DFLAG_SUPPORTED_Wswitchdefault   -Wswitch-default -o CMakeFiles/cmTC_f907b.dir/src.c.o   -c /home/lijianhua/map_hdmcv/code/build/CMakeFiles/CMakeTmp/src.c
Linking C executable cmTC_f907b
/usr/local/bin/cmake -E cmake_link_script CMakeFiles/cmTC_f907b.dir/link.txt --verbose=1
/usr/bin/cc  -std=gnu11 -Wall -Wextra -Wstrict-prototypes -Wwrite-strings -Wshadow -Winit-self -Wcast-align -Wformat=2 -Wmissing-prototypes -Wstrict-overflow=2 -Wcast-qual -Wundef -DFLAG_SUPPORTED_Wswitchdefault    -rdynamic CMakeFiles/cmTC_f907b.dir/src.c.o  -o cmTC_f907b 
make[1]: Leaving directory '/home/lijianhua/map_hdmcv/code/build/CMakeFiles/CMakeTmp'


Source file was:
int main(void) { return 0; }
Performing C SOURCE FILE Test FLAG_SUPPORTED_Wconversion succeeded with the following output:
Change Dir: /home/lijianhua/map_hdmcv/code/build/CMakeFiles/CMakeTmp

Run Build Command(s):/usr/bin/make cmTC_d6074/fast && /usr/bin/make -f CMakeFiles/cmTC_d6074.dir/build.make CMakeFiles/cmTC_d6074.dir/build
make[1]: Entering directory '/home/lijianhua/map_hdmcv/code/build/CMakeFiles/CMakeTmp'
Building C object CMakeFiles/cmTC_d6074.dir/src.c.o
/usr/bin/cc   -std=gnu11 -Wall -Wextra -Wstrict-prototypes -Wwrite-strings -Wshadow -Winit-self -Wcast-align -Wformat=2 -Wmissing-prototypes -Wstrict-overflow=2 -Wcast-qual -Wundef -Wswitch-default -DFLAG_SUPPORTED_Wconversion   -Wconversion -o CMakeFiles/cmTC_d6074.dir/src.c.o   -c /home/lijianhua/map_hdmcv/code/build/CMakeFiles/CMakeTmp/src.c
Linking C executable cmTC_d6074
/usr/local/bin/cmake -E cmake_link_script CMakeFiles/cmTC_d6074.dir/link.txt --verbose=1
/usr/bin/cc  -std=gnu11 -Wall -Wextra -Wstrict-prototypes -Wwrite-strings -Wshadow -Winit-self -Wcast-align -Wformat=2 -Wmissing-prototypes -Wstrict-overflow=2 -Wcast-qual -Wundef -Wswitch-default -DFLAG_SUPPORTED_Wconversion    -rdynamic CMakeFiles/cmTC_d6074.dir/src.c.o  -o cmTC_d6074 
make[1]: Leaving directory '/home/lijianhua/map_hdmcv/code/build/CMakeFiles/CMakeTmp'


Source file was:
int main(void) { return 0; }
Performing C SOURCE FILE Test FLAG_SUPPORTED_Wccompat succeeded with the following output:
Change Dir: /home/lijianhua/map_hdmcv/code/build/CMakeFiles/CMakeTmp

Run Build Command(s):/usr/bin/make cmTC_e2db8/fast && /usr/bin/make -f CMakeFiles/cmTC_e2db8.dir/build.make CMakeFiles/cmTC_e2db8.dir/build
make[1]: Entering directory '/home/lijianhua/map_hdmcv/code/build/CMakeFiles/CMakeTmp'
Building C object CMakeFiles/cmTC_e2db8.dir/src.c.o
/usr/bin/cc   -std=gnu11 -Wall -Wextra -Wstrict-prototypes -Wwrite-strings -Wshadow -Winit-self -Wcast-align -Wformat=2 -Wmissing-prototypes -Wstrict-overflow=2 -Wcast-qual -Wundef -Wswitch-default -Wconversion -DFLAG_SUPPORTED_Wccompat   -Wc++-compat -o CMakeFiles/cmTC_e2db8.dir/src.c.o   -c /home/lijianhua/map_hdmcv/code/build/CMakeFiles/CMakeTmp/src.c
Linking C executable cmTC_e2db8
/usr/local/bin/cmake -E cmake_link_script CMakeFiles/cmTC_e2db8.dir/link.txt --verbose=1
/usr/bin/cc  -std=gnu11 -Wall -Wextra -Wstrict-prototypes -Wwrite-strings -Wshadow -Winit-self -Wcast-align -Wformat=2 -Wmissing-prototypes -Wstrict-overflow=2 -Wcast-qual -Wundef -Wswitch-default -Wconversion -DFLAG_SUPPORTED_Wccompat    -rdynamic CMakeFiles/cmTC_e2db8.dir/src.c.o  -o cmTC_e2db8 
make[1]: Leaving directory '/home/lijianhua/map_hdmcv/code/build/CMakeFiles/CMakeTmp'


Source file was:
int main(void) { return 0; }
Performing C SOURCE FILE Test FLAG_SUPPORTED_fstackprotectorstrong succeeded with the following output:
Change Dir: /home/lijianhua/map_hdmcv/code/build/CMakeFiles/CMakeTmp

Run Build Command(s):/usr/bin/make cmTC_d5818/fast && /usr/bin/make -f CMakeFiles/cmTC_d5818.dir/build.make CMakeFiles/cmTC_d5818.dir/build
make[1]: Entering directory '/home/lijianhua/map_hdmcv/code/build/CMakeFiles/CMakeTmp'
Building C object CMakeFiles/cmTC_d5818.dir/src.c.o
/usr/bin/cc   -std=gnu11 -Wall -Wextra -Wstrict-prototypes -Wwrite-strings -Wshadow -Winit-self -Wcast-align -Wformat=2 -Wmissing-prototypes -Wstrict-overflow=2 -Wcast-qual -Wundef -Wswitch-default -Wconversion -Wc++-compat -DFLAG_SUPPORTED_fstackprotectorstrong   -fstack-protector-strong -o CMakeFiles/cmTC_d5818.dir/src.c.o   -c /home/lijianhua/map_hdmcv/code/build/CMakeFiles/CMakeTmp/src.c
Linking C executable cmTC_d5818
/usr/local/bin/cmake -E cmake_link_script CMakeFiles/cmTC_d5818.dir/link.txt --verbose=1
/usr/bin/cc  -std=gnu11 -Wall -Wextra -Wstrict-prototypes -Wwrite-strings -Wshadow -Winit-self -Wcast-align -Wformat=2 -Wmissing-prototypes -Wstrict-overflow=2 -Wcast-qual -Wundef -Wswitch-default -Wconversion -Wc++-compat -DFLAG_SUPPORTED_fstackprotectorstrong    -rdynamic CMakeFiles/cmTC_d5818.dir/src.c.o  -o cmTC_d5818 
make[1]: Leaving directory '/home/lijianhua/map_hdmcv/code/build/CMakeFiles/CMakeTmp'


Source file was:
int main(void) { return 0; }
Performing C SOURCE FILE Test FLAG_SUPPORTED_Wdoublepromotion succeeded with the following output:
Change Dir: /home/lijianhua/map_hdmcv/code/build/CMakeFiles/CMakeTmp

Run Build Command(s):/usr/bin/make cmTC_aa6a7/fast && /usr/bin/make -f CMakeFiles/cmTC_aa6a7.dir/build.make CMakeFiles/cmTC_aa6a7.dir/build
make[1]: Entering directory '/home/lijianhua/map_hdmcv/code/build/CMakeFiles/CMakeTmp'
Building C object CMakeFiles/cmTC_aa6a7.dir/src.c.o
/usr/bin/cc   -std=gnu11 -Wall -Wextra -Wstrict-prototypes -Wwrite-strings -Wshadow -Winit-self -Wcast-align -Wformat=2 -Wmissing-prototypes -Wstrict-overflow=2 -Wcast-qual -Wundef -Wswitch-default -Wconversion -Wc++-compat -fstack-protector-strong -DFLAG_SUPPORTED_Wdoublepromotion   -Wdouble-promotion -o CMakeFiles/cmTC_aa6a7.dir/src.c.o   -c /home/lijianhua/map_hdmcv/code/build/CMakeFiles/CMakeTmp/src.c
Linking C executable cmTC_aa6a7
/usr/local/bin/cmake -E cmake_link_script CMakeFiles/cmTC_aa6a7.dir/link.txt --verbose=1
/usr/bin/cc  -std=gnu11 -Wall -Wextra -Wstrict-prototypes -Wwrite-strings -Wshadow -Winit-self -Wcast-align -Wformat=2 -Wmissing-prototypes -Wstrict-overflow=2 -Wcast-qual -Wundef -Wswitch-default -Wconversion -Wc++-compat -fstack-protector-strong -DFLAG_SUPPORTED_Wdoublepromotion    -rdynamic CMakeFiles/cmTC_aa6a7.dir/src.c.o  -o cmTC_aa6a7 
make[1]: Leaving directory '/home/lijianhua/map_hdmcv/code/build/CMakeFiles/CMakeTmp'


Source file was:
int main(void) { return 0; }
Performing C SOURCE FILE Test FLAG_SUPPORTED_Wparentheses succeeded with the following output:
Change Dir: /home/lijianhua/map_hdmcv/code/build/CMakeFiles/CMakeTmp

Run Build Command(s):/usr/bin/make cmTC_cc434/fast && /usr/bin/make -f CMakeFiles/cmTC_cc434.dir/build.make CMakeFiles/cmTC_cc434.dir/build
make[1]: Entering directory '/home/lijianhua/map_hdmcv/code/build/CMakeFiles/CMakeTmp'
Building C object CMakeFiles/cmTC_cc434.dir/src.c.o
/usr/bin/cc   -std=gnu11 -Wall -Wextra -Wstrict-prototypes -Wwrite-strings -Wshadow -Winit-self -Wcast-align -Wformat=2 -Wmissing-prototypes -Wstrict-overflow=2 -Wcast-qual -Wundef -Wswitch-default -Wconversion -Wc++-compat -fstack-protector-strong -Wdouble-promotion -DFLAG_SUPPORTED_Wparentheses   -Wparentheses -o CMakeFiles/cmTC_cc434.dir/src.c.o   -c /home/lijianhua/map_hdmcv/code/build/CMakeFiles/CMakeTmp/src.c
Linking C executable cmTC_cc434
/usr/local/bin/cmake -E cmake_link_script CMakeFiles/cmTC_cc434.dir/link.txt --verbose=1
/usr/bin/cc  -std=gnu11 -Wall -Wextra -Wstrict-prototypes -Wwrite-strings -Wshadow -Winit-self -Wcast-align -Wformat=2 -Wmissing-prototypes -Wstrict-overflow=2 -Wcast-qual -Wundef -Wswitch-default -Wconversion -Wc++-compat -fstack-protector-strong -Wdouble-promotion -DFLAG_SUPPORTED_Wparentheses    -rdynamic CMakeFiles/cmTC_cc434.dir/src.c.o  -o cmTC_cc434 
make[1]: Leaving directory '/home/lijianhua/map_hdmcv/code/build/CMakeFiles/CMakeTmp'


Source file was:
int main(void) { return 0; }
Performing C SOURCE FILE Test FLAG_SUPPORTED_Wformatoverflow succeeded with the following output:
Change Dir: /home/lijianhua/map_hdmcv/code/build/CMakeFiles/CMakeTmp

Run Build Command(s):/usr/bin/make cmTC_8fc60/fast && /usr/bin/make -f CMakeFiles/cmTC_8fc60.dir/build.make CMakeFiles/cmTC_8fc60.dir/build
make[1]: Entering directory '/home/lijianhua/map_hdmcv/code/build/CMakeFiles/CMakeTmp'
Building C object CMakeFiles/cmTC_8fc60.dir/src.c.o
/usr/bin/cc   -std=gnu11 -Wall -Wextra -Wstrict-prototypes -Wwrite-strings -Wshadow -Winit-self -Wcast-align -Wformat=2 -Wmissing-prototypes -Wstrict-overflow=2 -Wcast-qual -Wundef -Wswitch-default -Wconversion -Wc++-compat -fstack-protector-strong -Wdouble-promotion -Wparentheses -DFLAG_SUPPORTED_Wformatoverflow   -Wformat-overflow -o CMakeFiles/cmTC_8fc60.dir/src.c.o   -c /home/lijianhua/map_hdmcv/code/build/CMakeFiles/CMakeTmp/src.c
Linking C executable cmTC_8fc60
/usr/local/bin/cmake -E cmake_link_script CMakeFiles/cmTC_8fc60.dir/link.txt --verbose=1
/usr/bin/cc  -std=gnu11 -Wall -Wextra -Wstrict-prototypes -Wwrite-strings -Wshadow -Winit-self -Wcast-align -Wformat=2 -Wmissing-prototypes -Wstrict-overflow=2 -Wcast-qual -Wundef -Wswitch-default -Wconversion -Wc++-compat -fstack-protector-strong -Wdouble-promotion -Wparentheses -DFLAG_SUPPORTED_Wformatoverflow    -rdynamic CMakeFiles/cmTC_8fc60.dir/src.c.o  -o cmTC_8fc60 
make[1]: Leaving directory '/home/lijianhua/map_hdmcv/code/build/CMakeFiles/CMakeTmp'


Source file was:
int main(void) { return 0; }
Performing C SOURCE FILE Test FLAG_SUPPORTED_Wunusedmacros succeeded with the following output:
Change Dir: /home/lijianhua/map_hdmcv/code/build/CMakeFiles/CMakeTmp

Run Build Command(s):/usr/bin/make cmTC_98301/fast && /usr/bin/make -f CMakeFiles/cmTC_98301.dir/build.make CMakeFiles/cmTC_98301.dir/build
make[1]: Entering directory '/home/lijianhua/map_hdmcv/code/build/CMakeFiles/CMakeTmp'
Building C object CMakeFiles/cmTC_98301.dir/src.c.o
/usr/bin/cc   -std=gnu11 -Wall -Wextra -Wstrict-prototypes -Wwrite-strings -Wshadow -Winit-self -Wcast-align -Wformat=2 -Wmissing-prototypes -Wstrict-overflow=2 -Wcast-qual -Wundef -Wswitch-default -Wconversion -Wc++-compat -fstack-protector-strong -Wdouble-promotion -Wparentheses -Wformat-overflow -DFLAG_SUPPORTED_Wunusedmacros   -Wunused-macros -o CMakeFiles/cmTC_98301.dir/src.c.o   -c /home/lijianhua/map_hdmcv/code/build/CMakeFiles/CMakeTmp/src.c
Linking C executable cmTC_98301
/usr/local/bin/cmake -E cmake_link_script CMakeFiles/cmTC_98301.dir/link.txt --verbose=1
/usr/bin/cc  -std=gnu11 -Wall -Wextra -Wstrict-prototypes -Wwrite-strings -Wshadow -Winit-self -Wcast-align -Wformat=2 -Wmissing-prototypes -Wstrict-overflow=2 -Wcast-qual -Wundef -Wswitch-default -Wconversion -Wc++-compat -fstack-protector-strong -Wdouble-promotion -Wparentheses -Wformat-overflow -DFLAG_SUPPORTED_Wunusedmacros    -rdynamic CMakeFiles/cmTC_98301.dir/src.c.o  -o cmTC_98301 
make[1]: Leaving directory '/home/lijianhua/map_hdmcv/code/build/CMakeFiles/CMakeTmp'


Source file was:
int main(void) { return 0; }
Performing C SOURCE FILE Test FLAG_SUPPORTED_Wswitchenum succeeded with the following output:
Change Dir: /home/lijianhua/map_hdmcv/code/build/CMakeFiles/CMakeTmp

Run Build Command(s):/usr/bin/make cmTC_62cfb/fast && /usr/bin/make -f CMakeFiles/cmTC_62cfb.dir/build.make CMakeFiles/cmTC_62cfb.dir/build
make[1]: Entering directory '/home/lijianhua/map_hdmcv/code/build/CMakeFiles/CMakeTmp'
Building C object CMakeFiles/cmTC_62cfb.dir/src.c.o
/usr/bin/cc   -std=gnu11 -Wall -Wextra -Wstrict-prototypes -Wwrite-strings -Wshadow -Winit-self -Wcast-align -Wformat=2 -Wmissing-prototypes -Wstrict-overflow=2 -Wcast-qual -Wundef -Wswitch-default -Wconversion -Wc++-compat -fstack-protector-strong -Wdouble-promotion -Wparentheses -Wformat-overflow -Wunused-macros -DFLAG_SUPPORTED_Wswitchenum   -Wswitch-enum -o CMakeFiles/cmTC_62cfb.dir/src.c.o   -c /home/lijianhua/map_hdmcv/code/build/CMakeFiles/CMakeTmp/src.c
Linking C executable cmTC_62cfb
/usr/local/bin/cmake -E cmake_link_script CMakeFiles/cmTC_62cfb.dir/link.txt --verbose=1
/usr/bin/cc  -std=gnu11 -Wall -Wextra -Wstrict-prototypes -Wwrite-strings -Wshadow -Winit-self -Wcast-align -Wformat=2 -Wmissing-prototypes -Wstrict-overflow=2 -Wcast-qual -Wundef -Wswitch-default -Wconversion -Wc++-compat -fstack-protector-strong -Wdouble-promotion -Wparentheses -Wformat-overflow -Wunused-macros -DFLAG_SUPPORTED_Wswitchenum    -rdynamic CMakeFiles/cmTC_62cfb.dir/src.c.o  -o cmTC_62cfb 
make[1]: Leaving directory '/home/lijianhua/map_hdmcv/code/build/CMakeFiles/CMakeTmp'


Source file was:
int main(void) { return 0; }
